Arguments: 
  /usr/bin/node /usr/local/bin/yarn add express

PATH: 
  /home/adrielom/.zinit/polaris/sbin:/home/adrielom/.zinit/polaris/bin:/usr/local/sbin:/usr/local/bin:/usr/sbin:/usr/bin:/sbin:/bin:/usr/games:/usr/local/games:/snap/bin:/home/adrielom/Android/Sdk/emulator:/home/adrielom/Android/Sdk/tools:/home/adrielom/Android/Sdk/tools/bin:/home/adrielom/Android/Sdk/platform-tools

Yarn version: 
  1.22.4

Node version: 
  10.19.0

Platform: 
  linux x64

Trace: 
  Error: getaddrinfo EAI_AGAIN registry.yarnpkg.com registry.yarnpkg.com:443
      at GetAddrInfoReqWrap.onlookup [as oncomplete] (dns.js:56:26)

npm manifest: 
  {
    "name": "cakeboard-builder",
    "version": "1.0.0",
    "description": "",
    "main": "index.js",
    "scripts": {
      "test": "echo \"Error: no test specified\" && exit 1"
      
    },
    "keywords": [],
    "author": "",
    "license": "ISC",
    "dependencies": {
      "potrace": "^2.1.8"
    }
  }

yarn manifest: 
  No manifest

Lockfile: 
  No lockfile
